<?xml version="1.0" encoding="UTF-8"?>
<!-- Generated by org.testng.reporters.JUnitReportReporter -->
<testsuite skipped="0" hostname="DESKTOP-729EO41" name="ru.stqa.pft.addressbook.tests.GroupDeletionTests" tests="1" failures="0" timestamp="23 дек 2020 14:18:52 GMT" time="1.326" errors="0">
  <testcase name="testGroupDeletion" time="1.326" classname="ru.stqa.pft.addressbook.tests.GroupDeletionTests"/>
</testsuite> <!-- ru.stqa.pft.addressbook.tests.GroupDeletionTests -->
