<?xml version="1.0" encoding="UTF-8"?>
<!-- Generated by org.testng.reporters.JUnitReportReporter -->
<testsuite skipped="1" hostname="DESKTOP-729EO41" name="ru.stqa.pft.addressbook.tests.GroupCreationTests" tests="4" failures="0" timestamp="23 дек 2020 14:18:52 GMT" time="6.536" errors="0">
  <testcase name="testGroupCreation" time="1.725" classname="ru.stqa.pft.addressbook.tests.GroupCreationTests"/>
  <testcase name="testGroupCreation" time="2.996" classname="ru.stqa.pft.addressbook.tests.GroupCreationTests"/>
  <testcase name="testGroupCreation" time="1.815" classname="ru.stqa.pft.addressbook.tests.GroupCreationTests"/>
  <testcase name="testBadGroupCreation" classname="ru.stqa.pft.addressbook.tests.GroupCreationTests">
    <skipped/>
  </testcase> <!-- testBadGroupCreation -->
</testsuite> <!-- ru.stqa.pft.addressbook.tests.GroupCreationTests -->
